2025-04-21 00:02:25.812 | INFO     | utils:print_error:363 - ---------------------------------
2025-04-21 00:02:25.813 | INFO     | utils:print_error:364 - Error in response: 200
2025-04-21 00:02:25.813 | INFO     | utils:print_error:365 - 1, 1, 모의투자 장시작전 입니다.
2025-04-21 00:02:25.813 | INFO     | utils:print_error:366 - ---------------------------------
2025-04-21 00:02:32.022 | INFO     | utils:print_error:363 - ---------------------------------
2025-04-21 00:02:32.023 | INFO     | utils:print_error:364 - Error in response: 200
2025-04-21 00:02:32.023 | INFO     | utils:print_error:365 - 1, 1, 모의투자 장시작전 입니다.
2025-04-21 00:02:32.023 | INFO     | utils:print_error:366 - ---------------------------------
2025-04-21 00:04:17.929 | INFO     | utils:print_error:363 - ---------------------------------
2025-04-21 00:04:17.929 | INFO     | utils:print_error:364 - Error in response: 200
2025-04-21 00:04:17.929 | INFO     | utils:print_error:365 - 1, 1, 모의투자 장시작전 입니다.
2025-04-21 00:04:17.929 | INFO     | utils:print_error:366 - ---------------------------------
2025-04-21 00:20:35.316 | INFO     | utils:print_error:363 - ---------------------------------
2025-04-21 00:20:35.317 | INFO     | utils:print_error:364 - Error in response: 200
2025-04-21 00:20:35.317 | INFO     | utils:print_error:365 - 1, 1, 모의투자 장시작전 입니다.
2025-04-21 00:20:35.317 | INFO     | utils:print_error:366 - ---------------------------------
2025-04-21 00:28:05.483 | INFO     | utils:print_error:363 - ---------------------------------
2025-04-21 00:28:05.484 | INFO     | utils:print_error:364 - Error in response: 200
2025-04-21 00:28:05.484 | INFO     | utils:print_error:365 - 1, 1, 모의투자 장시작전 입니다.
2025-04-21 00:28:05.484 | INFO     | utils:print_error:366 - ---------------------------------
2025-04-21 00:35:43.397 | INFO     | utils:print_error:363 - ---------------------------------
2025-04-21 00:35:43.399 | INFO     | utils:print_error:364 - Error in response: 200
2025-04-21 00:35:43.399 | INFO     | utils:print_error:365 - 1, 1, 모의투자 장시작전 입니다.
2025-04-21 00:35:43.399 | INFO     | utils:print_error:366 - ---------------------------------
2025-04-21 00:48:08.874 | INFO     | utils:print_error:363 - ---------------------------------
2025-04-21 00:48:08.874 | INFO     | utils:print_error:364 - Error in response: 200
2025-04-21 00:48:08.874 | INFO     | utils:print_error:365 - 1, 1, 모의투자 장시작전 입니다.
2025-04-21 00:48:08.874 | INFO     | utils:print_error:366 - ---------------------------------
2025-04-21 00:49:58.301 | INFO     | utils:print_error:363 - ---------------------------------
2025-04-21 00:49:58.301 | INFO     | utils:print_error:364 - Error in response: 200
2025-04-21 00:49:58.302 | INFO     | utils:print_error:365 - 1, 1, 모의투자 장시작전 입니다.
2025-04-21 00:49:58.302 | INFO     | utils:print_error:366 - ---------------------------------
2025-04-21 00:59:21.775 | INFO     | utils:print_error:363 - ---------------------------------
2025-04-21 00:59:21.777 | INFO     | utils:print_error:364 - Error in response: 200
2025-04-21 00:59:21.777 | INFO     | utils:print_error:365 - 1, 1, 모의투자 장시작전 입니다.
2025-04-21 00:59:21.777 | INFO     | utils:print_error:366 - ---------------------------------
2025-04-21 01:00:49.488 | INFO     | utils:print_error:363 - ---------------------------------
2025-04-21 01:00:49.488 | INFO     | utils:print_error:364 - Error in response: 200
2025-04-21 01:00:49.489 | INFO     | utils:print_error:365 - 1, 1, 모의투자 장시작전 입니다.
2025-04-21 01:00:49.489 | INFO     | utils:print_error:366 - ---------------------------------
2025-04-21 01:25:54.264 | INFO     | utils:print_error:363 - ---------------------------------
2025-04-21 01:25:54.266 | INFO     | utils:print_error:364 - Error in response: 200
2025-04-21 01:25:54.266 | INFO     | utils:print_error:365 - 1, 1, 모의투자 장시작전 입니다.
2025-04-21 01:25:54.266 | INFO     | utils:print_error:366 - ---------------------------------
2025-04-21 09:37:58.713 | INFO     | utils:print_error:363 - ---------------------------------
2025-04-21 09:37:58.713 | INFO     | utils:print_error:364 - Error in response: 200
2025-04-21 09:37:58.713 | INFO     | utils:print_error:365 - 1, 1, 모의투자 상/하한가 오류
2025-04-21 09:37:58.713 | INFO     | utils:print_error:366 - ---------------------------------
2025-04-21 09:38:11.164 | INFO     | utils:print_error:363 - ---------------------------------
2025-04-21 09:38:11.164 | INFO     | utils:print_error:364 - Error in response: 200
2025-04-21 09:38:11.164 | INFO     | utils:print_error:365 - 1, 1, 모의투자 상/하한가 오류
2025-04-21 09:38:11.164 | INFO     | utils:print_error:366 - ---------------------------------
2025-04-21 09:38:43.035 | INFO     | utils:print_error:363 - ---------------------------------
2025-04-21 09:38:43.036 | INFO     | utils:print_error:364 - Error in response: 200
2025-04-21 09:38:43.036 | INFO     | utils:print_error:365 - 1, 1, 모의투자 상/하한가 오류
2025-04-21 09:38:43.036 | INFO     | utils:print_error:366 - ---------------------------------
2025-04-21 09:45:03.137 | INFO     | utils:print_error:363 - ---------------------------------
2025-04-21 09:45:03.138 | INFO     | utils:print_error:364 - Error in response: 200
2025-04-21 09:45:03.138 | INFO     | utils:print_error:365 - 1, 1, 모의투자 주문처리가 안되었습니다(매매불가 종목)
2025-04-21 09:45:03.138 | INFO     | utils:print_error:366 - ---------------------------------
